<?xml version="1.0" encoding="UTF-8"?>
<!-- Generated by org.testng.reporters.JUnitReportReporter -->
<testsuite hostname="DESKTOP-S9ACGAG" failures="0" tests="3" name="rahulshettyacademy.tests.SubmitOrderTest" time="56.738" errors="0" timestamp="2024-05-24T12:55:13 IST" skipped="0">
  <testcase classname="rahulshettyacademy.tests.SubmitOrderTest" name="submitOrder" time="23.423"/>
  <testcase classname="rahulshettyacademy.tests.SubmitOrderTest" name="OrderHistoryTest" time="6.989"/>
  <testcase classname="rahulshettyacademy.tests.SubmitOrderTest" name="submitOrder" time="26.326"/>
</testsuite> <!-- rahulshettyacademy.tests.SubmitOrderTest -->
